<?xml version="1.0" encoding="UTF-8"?>
<!-- Generated by org.testng.reporters.JUnitReportReporter -->
<testsuite skipped="0" hostname="DESKTOP-MP9K177" name="javaP.ReadDataFromPropFile" tests="1" failures="0" timestamp="2021-02-27T14:15:03 IST" time="0.009" errors="0">
  <testcase name="readDataPropFile" time="0.009" classname="javaP.ReadDataFromPropFile"/>
</testsuite> <!-- javaP.ReadDataFromPropFile -->
