<?xml version="1.0" encoding="UTF-8"?>
<!-- Generated by org.testng.reporters.JUnitReportReporter -->
<testsuite skipped="0" hostname="DESKTOP-MP9K177" name="feb13.TC01" tests="1" failures="0" timestamp="2021-02-13T13:35:48 IST" time="40.332" errors="0">
  <testcase name="testCase01" time="40.332" classname="feb13.TC01"/>
</testsuite> <!-- feb13.TC01 -->
