<?xml version="1.0" encoding="UTF-8"?>
<!-- Generated by org.testng.reporters.JUnitReportReporter -->
<testsuite hostname="DESKTOP-LB7O1B4" failures="0" tests="2" name="myPack01.TestNG_Annotations" time="0.007" errors="0" timestamp="31 Jan 2021 16:23:48 GMT" skipped="0">
  <testcase classname="myPack01.TestNG_Annotations" name="testCase02" time="0.005"/>
  <testcase classname="myPack01.TestNG_Annotations" name="testCase01" time="0.002"/>
</testsuite> <!-- myPack01.TestNG_Annotations -->
