<?xml version="1.0" encoding="UTF-8"?>
<!-- Generated by org.testng.reporters.JUnitReportReporter -->
<testsuite skipped="0" hostname="DESKTOP-MP9K177" name="feb13.UploadFile_AutoIT" tests="1" failures="0" timestamp="2021-02-28T15:15:34 IST" time="37.384" errors="0">
  <testcase name="uploadFiles" time="37.384" classname="feb13.UploadFile_AutoIT"/>
</testsuite> <!-- feb13.UploadFile_AutoIT -->
