<?xml version="1.0" encoding="UTF-8"?>
<!-- Generated by org.testng.reporters.JUnitReportReporter -->
<<<<<<< HEAD
<testsuite skipped="0" hostname="DESKTOP-MP9K177" name="org.testCases.com.TC01" tests="1" failures="0" timestamp="2021-02-07T14:52:42 IST" time="16.680" errors="0">
  <testcase name="testCase01" time="16.680" classname="org.testCases.com.TC01"/>
=======
<testsuite skipped="0" hostname="DESKTOP-MP9K177" name="org.testCases.com.TC01" tests="1" failures="0" timestamp="2021-02-07T15:00:08 IST" time="15.134" errors="0">
  <testcase name="testCase01" time="15.134" classname="org.testCases.com.TC01"/>
>>>>>>> 9bc4a2d34bdcc44cd0529e4d7cbb0a08382aa932
</testsuite> <!-- org.testCases.com.TC01 -->
