<?xml version="1.0" encoding="UTF-8"?>
<!-- Generated by org.testng.reporters.JUnitReportReporter -->
<<<<<<< HEAD
<testsuite hostname="DESKTOP-LB7O1B4" failures="0" tests="1" name="feb13.TC02" time="36.735" errors="0" timestamp="28 Feb 2021 08:15:17 GMT" skipped="0">
  <testcase classname="feb13.TC02" name="testCase02" time="36.735"/>
=======
<testsuite skipped="0" hostname="DESKTOP-MP9K177" name="feb13.TC02" tests="1" failures="0" timestamp="2021-02-27T16:21:59 IST" time="23.103" errors="0">
  <testcase name="testCase02" time="23.103" classname="feb13.TC02"/>
>>>>>>> 8e4fdd66072c85f9c1036658adf4d27f7caef3d5
</testsuite> <!-- feb13.TC02 -->
