<?xml version="1.0" encoding="UTF-8"?>
<!-- Generated by org.testng.reporters.JUnitReportReporter -->
<testsuite skipped="0" hostname="DESKTOP-MP9K177" name="org.testCases.com.TC01" tests="1" failures="0" timestamp="2021-01-31T15:07:46 IST" time="23.363" errors="0">
  <testcase name="ttestCase01" time="23.363" classname="org.testCases.com.TC01"/>
</testsuite> <!-- org.testCases.com.TC01 -->
