<?xml version="1.0" encoding="UTF-8"?>
<!-- Generated by org.testng.reporters.JUnitReportReporter -->
<<<<<<< HEAD
<testsuite hostname="DESKTOP-LB7O1B4" failures="0" tests="1" name="feb13.TC02" time="24.968" errors="0" timestamp="15 Feb 2021 16:55:18 GMT" skipped="0">
  <testcase classname="feb13.TC02" name="testCase02" time="24.968"/>
=======
<testsuite skipped="0" hostname="DESKTOP-MP9K177" name="feb13.TC02" tests="1" failures="0" timestamp="2021-02-27T14:26:13 IST" time="24.044" errors="0">
  <testcase name="testCase02" time="24.044" classname="feb13.TC02"/>
>>>>>>> 9bc4a2d34bdcc44cd0529e4d7cbb0a08382aa932
</testsuite> <!-- feb13.TC02 -->
