<?xml version="1.0" encoding="UTF-8"?>
<!-- Generated by org.testng.reporters.JUnitReportReporter -->
<testsuite skipped="0" hostname="DESKTOP-MP9K177" name="feb13.TC03" tests="1" failures="0" timestamp="2021-02-13T15:24:26 IST" time="17.567" errors="0">
  <testcase name="testCase04" time="17.567" classname="feb13.TC03"/>
</testsuite> <!-- feb13.TC03 -->
