<?xml version="1.0" encoding="UTF-8"?>
<!-- Generated by org.testng.reporters.JUnitReportReporter -->
<testsuite hostname="DESKTOP-LB7O1B4" failures="0" tests="1" name="org.testCases.com.TC01" time="19.406" errors="0" timestamp="15 Feb 2021 16:09:02 GMT" skipped="0">
  <testcase classname="org.testCases.com.TC01" name="testCase01" time="19.406"/>
</testsuite> <!-- org.testCases.com.TC01 -->
