<?xml version="1.0" encoding="UTF-8"?>
<!-- Generated by org.testng.reporters.JUnitReportReporter -->
<testsuite skipped="0" hostname="DESKTOP-MP9K177" name="feb13.TC02" tests="1" failures="0" timestamp="2021-02-27T14:26:13 IST" time="24.044" errors="0">
  <testcase name="testCase02" time="24.044" classname="feb13.TC02"/>
</testsuite> <!-- feb13.TC02 -->
