<?xml version="1.0" encoding="UTF-8"?>
<!-- Generated by org.testng.reporters.JUnitReportReporter -->
<testsuite skipped="0" hostname="LAPTOP-FEVIPQQM" name="feb13.UploadFile_AutoIT" tests="1" failures="0" timestamp="2021-03-01T17:58:57 IST" time="10.064" errors="0">
  <testcase name="uploadFiles" time="10.064" classname="feb13.UploadFile_AutoIT"/>
</testsuite> <!-- feb13.UploadFile_AutoIT -->
