<?xml version="1.0" encoding="UTF-8"?>
<!-- Generated by org.testng.reporters.JUnitReportReporter -->
<testsuite skipped="0" hostname="DESKTOP-MP9K177" name="myPack01.TestNG_Annotations" tests="2" failures="0" timestamp="2021-01-31T15:35:44 IST" time="0.013" errors="0">
  <testcase name="testCase02" time="0.000" classname="myPack01.TestNG_Annotations"/>
  <testcase name="testCase01" time="0.013" classname="myPack01.TestNG_Annotations"/>
</testsuite> <!-- myPack01.TestNG_Annotations -->
