<?xml version="1.0" encoding="UTF-8"?>
<!-- Generated by org.testng.reporters.JUnitReportReporter -->
<testsuite hostname="DESKTOP-LB7O1B4" failures="0" tests="1" name="feb13.TC02" time="36.735" errors="0" timestamp="28 Feb 2021 08:15:17 GMT" skipped="0">
  <testcase classname="feb13.TC02" name="testCase02" time="36.735"/>
</testsuite> <!-- feb13.TC02 -->
