<?xml version="1.0" encoding="UTF-8"?>
<!-- Generated by org.testng.reporters.JUnitReportReporter -->
<testsuite hostname="DESKTOP-LB7O1B4" failures="0" tests="1" name="feb13.TC03" time="20.447" errors="0" timestamp="15 Feb 2021 16:22:12 GMT" skipped="0">
  <testcase classname="feb13.TC03" name="testCase04" time="20.447"/>
</testsuite> <!-- feb13.TC03 -->
