<?xml version="1.0" encoding="UTF-8"?>
<!-- Generated by org.testng.reporters.JUnitReportReporter -->
<testsuite skipped="0" hostname="DESKTOP-MP9K177" name="org.testCases.com.TC01" tests="1" failures="0" timestamp="2021-02-07T15:00:08 IST" time="15.134" errors="0">
  <testcase name="testCase01" time="15.134" classname="org.testCases.com.TC01"/>
</testsuite> <!-- org.testCases.com.TC01 -->
